<?xml version="1.0" encoding="UTF-8"?>
<testsuite xmlns:xsi="http://www.w3.org/2001/XMLSchema-instance" xsi:noNamespaceSchemaLocation="https://maven.apache.org/surefire/maven-surefire-plugin/xsd/surefire-test-report-3.0.xsd" version="3.0" name="com.gridiron.ecommerce.integration.order.OrderServiceIntegrationTest" time="4.622" tests="5" errors="0" skipped="0" failures="0">
  <properties>
    <property name="java.specification.version" value="21"/>
    <property name="sun.jnu.encoding" value="UTF-8"/>
    <property name="java.class.path" value="/Users/olakunlelawal/IdeaProjects/springboot-lawal_o/target/test-classes:/Users/olakunlelawal/IdeaProjects/springboot-lawal_o/target/classes:/Users/olakunlelawal/.m2/repository/org/springframework/boot/spring-boot-starter-data-jpa/3.3.4/spring-boot-starter-data-jpa-3.3.4.jar:/Users/olakunlelawal/.m2/repository/org/springframework/boot/spring-boot-starter-aop/3.3.4/spring-boot-starter-aop-3.3.4.jar:/Users/olakunlelawal/.m2/repository/org/aspectj/aspectjweaver/1.9.22.1/aspectjweaver-1.9.22.1.jar:/Users/olakunlelawal/.m2/repository/org/springframework/boot/spring-boot-starter-jdbc/3.3.4/spring-boot-starter-jdbc-3.3.4.jar:/Users/olakunlelawal/.m2/repository/com/zaxxer/HikariCP/5.1.0/HikariCP-5.1.0.jar:/Users/olakunlelawal/.m2/repository/org/springframework/spring-jdbc/6.1.13/spring-jdbc-6.1.13.jar:/Users/olakunlelawal/.m2/repository/org/hibernate/orm/hibernate-core/6.5.3.Final/hibernate-core-6.5.3.Final.jar:/Users/olakunlelawal/.m2/repository/jakarta/persistence/jakarta.persistence-api/3.1.0/jakarta.persistence-api-3.1.0.jar:/Users/olakunlelawal/.m2/repository/jakarta/transaction/jakarta.transaction-api/2.0.1/jakarta.transaction-api-2.0.1.jar:/Users/olakunlelawal/.m2/repository/org/jboss/logging/jboss-logging/3.5.3.Final/jboss-logging-3.5.3.Final.jar:/Users/olakunlelawal/.m2/repository/org/hibernate/common/hibernate-commons-annotations/6.0.6.Final/hibernate-commons-annotations-6.0.6.Final.jar:/Users/olakunlelawal/.m2/repository/io/smallrye/jandex/3.1.2/jandex-3.1.2.jar:/Users/olakunlelawal/.m2/repository/com/fasterxml/classmate/1.7.0/classmate-1.7.0.jar:/Users/olakunlelawal/.m2/repository/net/bytebuddy/byte-buddy/1.14.19/byte-buddy-1.14.19.jar:/Users/olakunlelawal/.m2/repository/org/glassfish/jaxb/jaxb-runtime/4.0.5/jaxb-runtime-4.0.5.jar:/Users/olakunlelawal/.m2/repository/org/glassfish/jaxb/jaxb-core/4.0.5/jaxb-core-4.0.5.jar:/Users/olakunlelawal/.m2/repository/org/eclipse/angus/angus-activation/2.0.2/angus-activation-2.0.2.jar:/Users/olakunlelawal/.m2/repository/org/glassfish/jaxb/txw2/4.0.5/txw2-4.0.5.jar:/Users/olakunlelawal/.m2/repository/com/sun/istack/istack-commons-runtime/4.1.2/istack-commons-runtime-4.1.2.jar:/Users/olakunlelawal/.m2/repository/jakarta/inject/jakarta.inject-api/2.0.1/jakarta.inject-api-2.0.1.jar:/Users/olakunlelawal/.m2/repository/org/antlr/antlr4-runtime/4.13.0/antlr4-runtime-4.13.0.jar:/Users/olakunlelawal/.m2/repository/org/springframework/data/spring-data-jpa/3.3.4/spring-data-jpa-3.3.4.jar:/Users/olakunlelawal/.m2/repository/org/springframework/data/spring-data-commons/3.3.4/spring-data-commons-3.3.4.jar:/Users/olakunlelawal/.m2/repository/org/springframework/spring-orm/6.1.13/spring-orm-6.1.13.jar:/Users/olakunlelawal/.m2/repository/org/springframework/spring-context/6.1.13/spring-context-6.1.13.jar:/Users/olakunlelawal/.m2/repository/org/springframework/spring-tx/6.1.13/spring-tx-6.1.13.jar:/Users/olakunlelawal/.m2/repository/org/springframework/spring-beans/6.1.13/spring-beans-6.1.13.jar:/Users/olakunlelawal/.m2/repository/jakarta/annotation/jakarta.annotation-api/2.1.1/jakarta.annotation-api-2.1.1.jar:/Users/olakunlelawal/.m2/repository/org/slf4j/slf4j-api/2.0.16/slf4j-api-2.0.16.jar:/Users/olakunlelawal/.m2/repository/org/springframework/spring-aspects/6.1.13/spring-aspects-6.1.13.jar:/Users/olakunlelawal/.m2/repository/org/springframework/boot/spring-boot-starter-security/3.3.4/spring-boot-starter-security-3.3.4.jar:/Users/olakunlelawal/.m2/repository/org/springframework/boot/spring-boot-starter/3.3.4/spring-boot-starter-3.3.4.jar:/Users/olakunlelawal/.m2/repository/org/springframework/boot/spring-boot/3.3.4/spring-boot-3.3.4.jar:/Users/olakunlelawal/.m2/repository/org/springframework/boot/spring-boot-starter-logging/3.3.4/spring-boot-starter-logging-3.3.4.jar:/Users/olakunlelawal/.m2/repository/ch/qos/logback/logback-classic/1.5.8/logback-classic-1.5.8.jar:/Users/olakunlelawal/.m2/repository/ch/qos/logback/logback-core/1.5.8/logback-core-1.5.8.jar:/Users/olakunlelawal/.m2/repository/org/apache/logging/log4j/log4j-to-slf4j/2.23.1/log4j-to-slf4j-2.23.1.jar:/Users/olakunlelawal/.m2/repository/org/apache/logging/log4j/log4j-api/2.23.1/log4j-api-2.23.1.jar:/Users/olakunlelawal/.m2/repository/org/slf4j/jul-to-slf4j/2.0.16/jul-to-slf4j-2.0.16.jar:/Users/olakunlelawal/.m2/repository/org/yaml/snakeyaml/2.2/snakeyaml-2.2.jar:/Users/olakunlelawal/.m2/repository/org/springframework/spring-aop/6.1.13/spring-aop-6.1.13.jar:/Users/olakunlelawal/.m2/repository/org/springframework/security/spring-security-config/6.3.3/spring-security-config-6.3.3.jar:/Users/olakunlelawal/.m2/repository/org/springframework/security/spring-security-web/6.3.3/spring-security-web-6.3.3.jar:/Users/olakunlelawal/.m2/repository/org/springframework/spring-expression/6.1.13/spring-expression-6.1.13.jar:/Users/olakunlelawal/.m2/repository/org/springframework/boot/spring-boot-starter-web/3.3.4/spring-boot-starter-web-3.3.4.jar:/Users/olakunlelawal/.m2/repository/org/springframework/boot/spring-boot-starter-json/3.3.4/spring-boot-starter-json-3.3.4.jar:/Users/olakunlelawal/.m2/repository/com/fasterxml/jackson/datatype/jackson-datatype-jdk8/2.17.2/jackson-datatype-jdk8-2.17.2.jar:/Users/olakunlelawal/.m2/repository/com/fasterxml/jackson/datatype/jackson-datatype-jsr310/2.17.2/jackson-datatype-jsr310-2.17.2.jar:/Users/olakunlelawal/.m2/repository/com/fasterxml/jackson/module/jackson-module-parameter-names/2.17.2/jackson-module-parameter-names-2.17.2.jar:/Users/olakunlelawal/.m2/repository/org/springframework/boot/spring-boot-starter-tomcat/3.3.4/spring-boot-starter-tomcat-3.3.4.jar:/Users/olakunlelawal/.m2/repository/org/apache/tomcat/embed/tomcat-embed-core/10.1.30/tomcat-embed-core-10.1.30.jar:/Users/olakunlelawal/.m2/repository/org/apache/tomcat/embed/tomcat-embed-websocket/10.1.30/tomcat-embed-websocket-10.1.30.jar:/Users/olakunlelawal/.m2/repository/org/springframework/spring-web/6.1.13/spring-web-6.1.13.jar:/Users/olakunlelawal/.m2/repository/io/micrometer/micrometer-observation/1.13.4/micrometer-observation-1.13.4.jar:/Users/olakunlelawal/.m2/repository/io/micrometer/micrometer-commons/1.13.4/micrometer-commons-1.13.4.jar:/Users/olakunlelawal/.m2/repository/org/springframework/spring-webmvc/6.1.13/spring-webmvc-6.1.13.jar:/Users/olakunlelawal/.m2/repository/org/postgresql/postgresql/42.7.4/postgresql-42.7.4.jar:/Users/olakunlelawal/.m2/repository/org/checkerframework/checker-qual/3.42.0/checker-qual-3.42.0.jar:/Users/olakunlelawal/.m2/repository/org/springframework/boot/spring-boot-starter-test/3.3.4/spring-boot-starter-test-3.3.4.jar:/Users/olakunlelawal/.m2/repository/org/springframework/boot/spring-boot-test/3.3.4/spring-boot-test-3.3.4.jar:/Users/olakunlelawal/.m2/repository/org/springframework/boot/spring-boot-test-autoconfigure/3.3.4/spring-boot-test-autoconfigure-3.3.4.jar:/Users/olakunlelawal/.m2/repository/com/jayway/jsonpath/json-path/2.9.0/json-path-2.9.0.jar:/Users/olakunlelawal/.m2/repository/jakarta/xml/bind/jakarta.xml.bind-api/4.0.2/jakarta.xml.bind-api-4.0.2.jar:/Users/olakunlelawal/.m2/repository/jakarta/activation/jakarta.activation-api/2.1.3/jakarta.activation-api-2.1.3.jar:/Users/olakunlelawal/.m2/repository/net/minidev/json-smart/2.5.1/json-smart-2.5.1.jar:/Users/olakunlelawal/.m2/repository/net/minidev/accessors-smart/2.5.1/accessors-smart-2.5.1.jar:/Users/olakunlelawal/.m2/repository/org/ow2/asm/asm/9.6/asm-9.6.jar:/Users/olakunlelawal/.m2/repository/org/assertj/assertj-core/3.25.3/assertj-core-3.25.3.jar:/Users/olakunlelawal/.m2/repository/org/awaitility/awaitility/4.2.2/awaitility-4.2.2.jar:/Users/olakunlelawal/.m2/repository/org/hamcrest/hamcrest/2.2/hamcrest-2.2.jar:/Users/olakunlelawal/.m2/repository/org/junit/jupiter/junit-jupiter/5.10.3/junit-jupiter-5.10.3.jar:/Users/olakunlelawal/.m2/repository/org/junit/jupiter/junit-jupiter-api/5.10.3/junit-jupiter-api-5.10.3.jar:/Users/olakunlelawal/.m2/repository/org/opentest4j/opentest4j/1.3.0/opentest4j-1.3.0.jar:/Users/olakunlelawal/.m2/repository/org/junit/platform/junit-platform-commons/1.10.3/junit-platform-commons-1.10.3.jar:/Users/olakunlelawal/.m2/repository/org/apiguardian/apiguardian-api/1.1.2/apiguardian-api-1.1.2.jar:/Users/olakunlelawal/.m2/repository/org/junit/jupiter/junit-jupiter-params/5.10.3/junit-jupiter-params-5.10.3.jar:/Users/olakunlelawal/.m2/repository/org/junit/jupiter/junit-jupiter-engine/5.10.3/junit-jupiter-engine-5.10.3.jar:/Users/olakunlelawal/.m2/repository/org/junit/platform/junit-platform-engine/1.10.3/junit-platform-engine-1.10.3.jar:/Users/olakunlelawal/.m2/repository/org/mockito/mockito-core/5.11.0/mockito-core-5.11.0.jar:/Users/olakunlelawal/.m2/repository/net/bytebuddy/byte-buddy-agent/1.14.19/byte-buddy-agent-1.14.19.jar:/Users/olakunlelawal/.m2/repository/org/objenesis/objenesis/3.3/objenesis-3.3.jar:/Users/olakunlelawal/.m2/repository/org/mockito/mockito-junit-jupiter/5.11.0/mockito-junit-jupiter-5.11.0.jar:/Users/olakunlelawal/.m2/repository/org/skyscreamer/jsonassert/1.5.3/jsonassert-1.5.3.jar:/Users/olakunlelawal/.m2/repository/com/vaadin/external/google/android-json/0.0.20131108.vaadin1/android-json-0.0.20131108.vaadin1.jar:/Users/olakunlelawal/.m2/repository/org/springframework/spring-core/6.1.13/spring-core-6.1.13.jar:/Users/olakunlelawal/.m2/repository/org/springframework/spring-jcl/6.1.13/spring-jcl-6.1.13.jar:/Users/olakunlelawal/.m2/repository/org/springframework/spring-test/6.1.13/spring-test-6.1.13.jar:/Users/olakunlelawal/.m2/repository/org/xmlunit/xmlunit-core/2.9.1/xmlunit-core-2.9.1.jar:/Users/olakunlelawal/.m2/repository/org/springframework/boot/spring-boot-testcontainers/3.3.4/spring-boot-testcontainers-3.3.4.jar:/Users/olakunlelawal/.m2/repository/org/springframework/boot/spring-boot-autoconfigure/3.3.4/spring-boot-autoconfigure-3.3.4.jar:/Users/olakunlelawal/.m2/repository/org/testcontainers/testcontainers/1.19.8/testcontainers-1.19.8.jar:/Users/olakunlelawal/.m2/repository/junit/junit/4.13.2/junit-4.13.2.jar:/Users/olakunlelawal/.m2/repository/org/hamcrest/hamcrest-core/2.2/hamcrest-core-2.2.jar:/Users/olakunlelawal/.m2/repository/org/apache/commons/commons-compress/1.24.0/commons-compress-1.24.0.jar:/Users/olakunlelawal/.m2/repository/org/rnorth/duct-tape/duct-tape/1.0.8/duct-tape-1.0.8.jar:/Users/olakunlelawal/.m2/repository/org/jetbrains/annotations/17.0.0/annotations-17.0.0.jar:/Users/olakunlelawal/.m2/repository/com/github/docker-java/docker-java-api/3.3.6/docker-java-api-3.3.6.jar:/Users/olakunlelawal/.m2/repository/com/github/docker-java/docker-java-transport-zerodep/3.3.6/docker-java-transport-zerodep-3.3.6.jar:/Users/olakunlelawal/.m2/repository/com/github/docker-java/docker-java-transport/3.3.6/docker-java-transport-3.3.6.jar:/Users/olakunlelawal/.m2/repository/net/java/dev/jna/jna/5.13.0/jna-5.13.0.jar:/Users/olakunlelawal/.m2/repository/org/projectlombok/lombok/1.18.34/lombok-1.18.34.jar:/Users/olakunlelawal/.m2/repository/org/springframework/boot/spring-boot-starter-validation/3.3.4/spring-boot-starter-validation-3.3.4.jar:/Users/olakunlelawal/.m2/repository/org/apache/tomcat/embed/tomcat-embed-el/10.1.30/tomcat-embed-el-10.1.30.jar:/Users/olakunlelawal/.m2/repository/org/hibernate/validator/hibernate-validator/8.0.1.Final/hibernate-validator-8.0.1.Final.jar:/Users/olakunlelawal/.m2/repository/jakarta/validation/jakarta.validation-api/3.0.2/jakarta.validation-api-3.0.2.jar:/Users/olakunlelawal/.m2/repository/io/jsonwebtoken/jjwt-api/0.11.5/jjwt-api-0.11.5.jar:/Users/olakunlelawal/.m2/repository/io/jsonwebtoken/jjwt-impl/0.11.5/jjwt-impl-0.11.5.jar:/Users/olakunlelawal/.m2/repository/io/jsonwebtoken/jjwt-jackson/0.11.5/jjwt-jackson-0.11.5.jar:/Users/olakunlelawal/.m2/repository/com/fasterxml/jackson/core/jackson-databind/2.17.2/jackson-databind-2.17.2.jar:/Users/olakunlelawal/.m2/repository/com/fasterxml/jackson/core/jackson-annotations/2.17.2/jackson-annotations-2.17.2.jar:/Users/olakunlelawal/.m2/repository/com/fasterxml/jackson/core/jackson-core/2.17.2/jackson-core-2.17.2.jar:/Users/olakunlelawal/.m2/repository/org/springframework/security/spring-security-test/6.3.3/spring-security-test-6.3.3.jar:/Users/olakunlelawal/.m2/repository/org/springframework/security/spring-security-core/6.3.3/spring-security-core-6.3.3.jar:/Users/olakunlelawal/.m2/repository/org/springframework/security/spring-security-crypto/6.3.3/spring-security-crypto-6.3.3.jar:/Users/olakunlelawal/.m2/repository/org/testcontainers/junit-jupiter/1.19.8/junit-jupiter-1.19.8.jar:/Users/olakunlelawal/.m2/repository/org/testcontainers/postgresql/1.19.8/postgresql-1.19.8.jar:/Users/olakunlelawal/.m2/repository/org/testcontainers/jdbc/1.19.8/jdbc-1.19.8.jar:/Users/olakunlelawal/.m2/repository/org/testcontainers/database-commons/1.19.8/database-commons-1.19.8.jar:"/>
    <property name="java.vm.vendor" value="Oracle Corporation"/>
    <property name="sun.arch.data.model" value="64"/>
    <property name="java.vendor.url" value="https://java.oracle.com/"/>
    <property name="user.timezone" value="Europe/London"/>
    <property name="org.jboss.logging.provider" value="slf4j"/>
    <property name="os.name" value="Mac OS X"/>
    <property name="java.vm.specification.version" value="21"/>
    <property name="sun.java.launcher" value="SUN_STANDARD"/>
    <property name="user.country" value="NG"/>
    <property name="sun.boot.library.path" value="/Library/Java/JavaVirtualMachines/jdk-21.jdk/Contents/Home/lib"/>
    <property name="sun.java.command" value="/Users/olakunlelawal/IdeaProjects/springboot-lawal_o/target/surefire/surefirebooter-20241024114819848_3.jar /Users/olakunlelawal/IdeaProjects/springboot-lawal_o/target/surefire 2024-10-24T11-48-19_121-jvmRun1 surefire-20241024114819848_1tmp surefire_0-20241024114819848_2tmp"/>
    <property name="http.nonProxyHosts" value="local|*.local|169.254/16|*.169.254/16"/>
    <property name="jdk.debug" value="release"/>
    <property name="surefire.test.class.path" value="/Users/olakunlelawal/IdeaProjects/springboot-lawal_o/target/test-classes:/Users/olakunlelawal/IdeaProjects/springboot-lawal_o/target/classes:/Users/olakunlelawal/.m2/repository/org/springframework/boot/spring-boot-starter-data-jpa/3.3.4/spring-boot-starter-data-jpa-3.3.4.jar:/Users/olakunlelawal/.m2/repository/org/springframework/boot/spring-boot-starter-aop/3.3.4/spring-boot-starter-aop-3.3.4.jar:/Users/olakunlelawal/.m2/repository/org/aspectj/aspectjweaver/1.9.22.1/aspectjweaver-1.9.22.1.jar:/Users/olakunlelawal/.m2/repository/org/springframework/boot/spring-boot-starter-jdbc/3.3.4/spring-boot-starter-jdbc-3.3.4.jar:/Users/olakunlelawal/.m2/repository/com/zaxxer/HikariCP/5.1.0/HikariCP-5.1.0.jar:/Users/olakunlelawal/.m2/repository/org/springframework/spring-jdbc/6.1.13/spring-jdbc-6.1.13.jar:/Users/olakunlelawal/.m2/repository/org/hibernate/orm/hibernate-core/6.5.3.Final/hibernate-core-6.5.3.Final.jar:/Users/olakunlelawal/.m2/repository/jakarta/persistence/jakarta.persistence-api/3.1.0/jakarta.persistence-api-3.1.0.jar:/Users/olakunlelawal/.m2/repository/jakarta/transaction/jakarta.transaction-api/2.0.1/jakarta.transaction-api-2.0.1.jar:/Users/olakunlelawal/.m2/repository/org/jboss/logging/jboss-logging/3.5.3.Final/jboss-logging-3.5.3.Final.jar:/Users/olakunlelawal/.m2/repository/org/hibernate/common/hibernate-commons-annotations/6.0.6.Final/hibernate-commons-annotations-6.0.6.Final.jar:/Users/olakunlelawal/.m2/repository/io/smallrye/jandex/3.1.2/jandex-3.1.2.jar:/Users/olakunlelawal/.m2/repository/com/fasterxml/classmate/1.7.0/classmate-1.7.0.jar:/Users/olakunlelawal/.m2/repository/net/bytebuddy/byte-buddy/1.14.19/byte-buddy-1.14.19.jar:/Users/olakunlelawal/.m2/repository/org/glassfish/jaxb/jaxb-runtime/4.0.5/jaxb-runtime-4.0.5.jar:/Users/olakunlelawal/.m2/repository/org/glassfish/jaxb/jaxb-core/4.0.5/jaxb-core-4.0.5.jar:/Users/olakunlelawal/.m2/repository/org/eclipse/angus/angus-activation/2.0.2/angus-activation-2.0.2.jar:/Users/olakunlelawal/.m2/repository/org/glassfish/jaxb/txw2/4.0.5/txw2-4.0.5.jar:/Users/olakunlelawal/.m2/repository/com/sun/istack/istack-commons-runtime/4.1.2/istack-commons-runtime-4.1.2.jar:/Users/olakunlelawal/.m2/repository/jakarta/inject/jakarta.inject-api/2.0.1/jakarta.inject-api-2.0.1.jar:/Users/olakunlelawal/.m2/repository/org/antlr/antlr4-runtime/4.13.0/antlr4-runtime-4.13.0.jar:/Users/olakunlelawal/.m2/repository/org/springframework/data/spring-data-jpa/3.3.4/spring-data-jpa-3.3.4.jar:/Users/olakunlelawal/.m2/repository/org/springframework/data/spring-data-commons/3.3.4/spring-data-commons-3.3.4.jar:/Users/olakunlelawal/.m2/repository/org/springframework/spring-orm/6.1.13/spring-orm-6.1.13.jar:/Users/olakunlelawal/.m2/repository/org/springframework/spring-context/6.1.13/spring-context-6.1.13.jar:/Users/olakunlelawal/.m2/repository/org/springframework/spring-tx/6.1.13/spring-tx-6.1.13.jar:/Users/olakunlelawal/.m2/repository/org/springframework/spring-beans/6.1.13/spring-beans-6.1.13.jar:/Users/olakunlelawal/.m2/repository/jakarta/annotation/jakarta.annotation-api/2.1.1/jakarta.annotation-api-2.1.1.jar:/Users/olakunlelawal/.m2/repository/org/slf4j/slf4j-api/2.0.16/slf4j-api-2.0.16.jar:/Users/olakunlelawal/.m2/repository/org/springframework/spring-aspects/6.1.13/spring-aspects-6.1.13.jar:/Users/olakunlelawal/.m2/repository/org/springframework/boot/spring-boot-starter-security/3.3.4/spring-boot-starter-security-3.3.4.jar:/Users/olakunlelawal/.m2/repository/org/springframework/boot/spring-boot-starter/3.3.4/spring-boot-starter-3.3.4.jar:/Users/olakunlelawal/.m2/repository/org/springframework/boot/spring-boot/3.3.4/spring-boot-3.3.4.jar:/Users/olakunlelawal/.m2/repository/org/springframework/boot/spring-boot-starter-logging/3.3.4/spring-boot-starter-logging-3.3.4.jar:/Users/olakunlelawal/.m2/repository/ch/qos/logback/logback-classic/1.5.8/logback-classic-1.5.8.jar:/Users/olakunlelawal/.m2/repository/ch/qos/logback/logback-core/1.5.8/logback-core-1.5.8.jar:/Users/olakunlelawal/.m2/repository/org/apache/logging/log4j/log4j-to-slf4j/2.23.1/log4j-to-slf4j-2.23.1.jar:/Users/olakunlelawal/.m2/repository/org/apache/logging/log4j/log4j-api/2.23.1/log4j-api-2.23.1.jar:/Users/olakunlelawal/.m2/repository/org/slf4j/jul-to-slf4j/2.0.16/jul-to-slf4j-2.0.16.jar:/Users/olakunlelawal/.m2/repository/org/yaml/snakeyaml/2.2/snakeyaml-2.2.jar:/Users/olakunlelawal/.m2/repository/org/springframework/spring-aop/6.1.13/spring-aop-6.1.13.jar:/Users/olakunlelawal/.m2/repository/org/springframework/security/spring-security-config/6.3.3/spring-security-config-6.3.3.jar:/Users/olakunlelawal/.m2/repository/org/springframework/security/spring-security-web/6.3.3/spring-security-web-6.3.3.jar:/Users/olakunlelawal/.m2/repository/org/springframework/spring-expression/6.1.13/spring-expression-6.1.13.jar:/Users/olakunlelawal/.m2/repository/org/springframework/boot/spring-boot-starter-web/3.3.4/spring-boot-starter-web-3.3.4.jar:/Users/olakunlelawal/.m2/repository/org/springframework/boot/spring-boot-starter-json/3.3.4/spring-boot-starter-json-3.3.4.jar:/Users/olakunlelawal/.m2/repository/com/fasterxml/jackson/datatype/jackson-datatype-jdk8/2.17.2/jackson-datatype-jdk8-2.17.2.jar:/Users/olakunlelawal/.m2/repository/com/fasterxml/jackson/datatype/jackson-datatype-jsr310/2.17.2/jackson-datatype-jsr310-2.17.2.jar:/Users/olakunlelawal/.m2/repository/com/fasterxml/jackson/module/jackson-module-parameter-names/2.17.2/jackson-module-parameter-names-2.17.2.jar:/Users/olakunlelawal/.m2/repository/org/springframework/boot/spring-boot-starter-tomcat/3.3.4/spring-boot-starter-tomcat-3.3.4.jar:/Users/olakunlelawal/.m2/repository/org/apache/tomcat/embed/tomcat-embed-core/10.1.30/tomcat-embed-core-10.1.30.jar:/Users/olakunlelawal/.m2/repository/org/apache/tomcat/embed/tomcat-embed-websocket/10.1.30/tomcat-embed-websocket-10.1.30.jar:/Users/olakunlelawal/.m2/repository/org/springframework/spring-web/6.1.13/spring-web-6.1.13.jar:/Users/olakunlelawal/.m2/repository/io/micrometer/micrometer-observation/1.13.4/micrometer-observation-1.13.4.jar:/Users/olakunlelawal/.m2/repository/io/micrometer/micrometer-commons/1.13.4/micrometer-commons-1.13.4.jar:/Users/olakunlelawal/.m2/repository/org/springframework/spring-webmvc/6.1.13/spring-webmvc-6.1.13.jar:/Users/olakunlelawal/.m2/repository/org/postgresql/postgresql/42.7.4/postgresql-42.7.4.jar:/Users/olakunlelawal/.m2/repository/org/checkerframework/checker-qual/3.42.0/checker-qual-3.42.0.jar:/Users/olakunlelawal/.m2/repository/org/springframework/boot/spring-boot-starter-test/3.3.4/spring-boot-starter-test-3.3.4.jar:/Users/olakunlelawal/.m2/repository/org/springframework/boot/spring-boot-test/3.3.4/spring-boot-test-3.3.4.jar:/Users/olakunlelawal/.m2/repository/org/springframework/boot/spring-boot-test-autoconfigure/3.3.4/spring-boot-test-autoconfigure-3.3.4.jar:/Users/olakunlelawal/.m2/repository/com/jayway/jsonpath/json-path/2.9.0/json-path-2.9.0.jar:/Users/olakunlelawal/.m2/repository/jakarta/xml/bind/jakarta.xml.bind-api/4.0.2/jakarta.xml.bind-api-4.0.2.jar:/Users/olakunlelawal/.m2/repository/jakarta/activation/jakarta.activation-api/2.1.3/jakarta.activation-api-2.1.3.jar:/Users/olakunlelawal/.m2/repository/net/minidev/json-smart/2.5.1/json-smart-2.5.1.jar:/Users/olakunlelawal/.m2/repository/net/minidev/accessors-smart/2.5.1/accessors-smart-2.5.1.jar:/Users/olakunlelawal/.m2/repository/org/ow2/asm/asm/9.6/asm-9.6.jar:/Users/olakunlelawal/.m2/repository/org/assertj/assertj-core/3.25.3/assertj-core-3.25.3.jar:/Users/olakunlelawal/.m2/repository/org/awaitility/awaitility/4.2.2/awaitility-4.2.2.jar:/Users/olakunlelawal/.m2/repository/org/hamcrest/hamcrest/2.2/hamcrest-2.2.jar:/Users/olakunlelawal/.m2/repository/org/junit/jupiter/junit-jupiter/5.10.3/junit-jupiter-5.10.3.jar:/Users/olakunlelawal/.m2/repository/org/junit/jupiter/junit-jupiter-api/5.10.3/junit-jupiter-api-5.10.3.jar:/Users/olakunlelawal/.m2/repository/org/opentest4j/opentest4j/1.3.0/opentest4j-1.3.0.jar:/Users/olakunlelawal/.m2/repository/org/junit/platform/junit-platform-commons/1.10.3/junit-platform-commons-1.10.3.jar:/Users/olakunlelawal/.m2/repository/org/apiguardian/apiguardian-api/1.1.2/apiguardian-api-1.1.2.jar:/Users/olakunlelawal/.m2/repository/org/junit/jupiter/junit-jupiter-params/5.10.3/junit-jupiter-params-5.10.3.jar:/Users/olakunlelawal/.m2/repository/org/junit/jupiter/junit-jupiter-engine/5.10.3/junit-jupiter-engine-5.10.3.jar:/Users/olakunlelawal/.m2/repository/org/junit/platform/junit-platform-engine/1.10.3/junit-platform-engine-1.10.3.jar:/Users/olakunlelawal/.m2/repository/org/mockito/mockito-core/5.11.0/mockito-core-5.11.0.jar:/Users/olakunlelawal/.m2/repository/net/bytebuddy/byte-buddy-agent/1.14.19/byte-buddy-agent-1.14.19.jar:/Users/olakunlelawal/.m2/repository/org/objenesis/objenesis/3.3/objenesis-3.3.jar:/Users/olakunlelawal/.m2/repository/org/mockito/mockito-junit-jupiter/5.11.0/mockito-junit-jupiter-5.11.0.jar:/Users/olakunlelawal/.m2/repository/org/skyscreamer/jsonassert/1.5.3/jsonassert-1.5.3.jar:/Users/olakunlelawal/.m2/repository/com/vaadin/external/google/android-json/0.0.20131108.vaadin1/android-json-0.0.20131108.vaadin1.jar:/Users/olakunlelawal/.m2/repository/org/springframework/spring-core/6.1.13/spring-core-6.1.13.jar:/Users/olakunlelawal/.m2/repository/org/springframework/spring-jcl/6.1.13/spring-jcl-6.1.13.jar:/Users/olakunlelawal/.m2/repository/org/springframework/spring-test/6.1.13/spring-test-6.1.13.jar:/Users/olakunlelawal/.m2/repository/org/xmlunit/xmlunit-core/2.9.1/xmlunit-core-2.9.1.jar:/Users/olakunlelawal/.m2/repository/org/springframework/boot/spring-boot-testcontainers/3.3.4/spring-boot-testcontainers-3.3.4.jar:/Users/olakunlelawal/.m2/repository/org/springframework/boot/spring-boot-autoconfigure/3.3.4/spring-boot-autoconfigure-3.3.4.jar:/Users/olakunlelawal/.m2/repository/org/testcontainers/testcontainers/1.19.8/testcontainers-1.19.8.jar:/Users/olakunlelawal/.m2/repository/junit/junit/4.13.2/junit-4.13.2.jar:/Users/olakunlelawal/.m2/repository/org/hamcrest/hamcrest-core/2.2/hamcrest-core-2.2.jar:/Users/olakunlelawal/.m2/repository/org/apache/commons/commons-compress/1.24.0/commons-compress-1.24.0.jar:/Users/olakunlelawal/.m2/repository/org/rnorth/duct-tape/duct-tape/1.0.8/duct-tape-1.0.8.jar:/Users/olakunlelawal/.m2/repository/org/jetbrains/annotations/17.0.0/annotations-17.0.0.jar:/Users/olakunlelawal/.m2/repository/com/github/docker-java/docker-java-api/3.3.6/docker-java-api-3.3.6.jar:/Users/olakunlelawal/.m2/repository/com/github/docker-java/docker-java-transport-zerodep/3.3.6/docker-java-transport-zerodep-3.3.6.jar:/Users/olakunlelawal/.m2/repository/com/github/docker-java/docker-java-transport/3.3.6/docker-java-transport-3.3.6.jar:/Users/olakunlelawal/.m2/repository/net/java/dev/jna/jna/5.13.0/jna-5.13.0.jar:/Users/olakunlelawal/.m2/repository/org/projectlombok/lombok/1.18.34/lombok-1.18.34.jar:/Users/olakunlelawal/.m2/repository/org/springframework/boot/spring-boot-starter-validation/3.3.4/spring-boot-starter-validation-3.3.4.jar:/Users/olakunlelawal/.m2/repository/org/apache/tomcat/embed/tomcat-embed-el/10.1.30/tomcat-embed-el-10.1.30.jar:/Users/olakunlelawal/.m2/repository/org/hibernate/validator/hibernate-validator/8.0.1.Final/hibernate-validator-8.0.1.Final.jar:/Users/olakunlelawal/.m2/repository/jakarta/validation/jakarta.validation-api/3.0.2/jakarta.validation-api-3.0.2.jar:/Users/olakunlelawal/.m2/repository/io/jsonwebtoken/jjwt-api/0.11.5/jjwt-api-0.11.5.jar:/Users/olakunlelawal/.m2/repository/io/jsonwebtoken/jjwt-impl/0.11.5/jjwt-impl-0.11.5.jar:/Users/olakunlelawal/.m2/repository/io/jsonwebtoken/jjwt-jackson/0.11.5/jjwt-jackson-0.11.5.jar:/Users/olakunlelawal/.m2/repository/com/fasterxml/jackson/core/jackson-databind/2.17.2/jackson-databind-2.17.2.jar:/Users/olakunlelawal/.m2/repository/com/fasterxml/jackson/core/jackson-annotations/2.17.2/jackson-annotations-2.17.2.jar:/Users/olakunlelawal/.m2/repository/com/fasterxml/jackson/core/jackson-core/2.17.2/jackson-core-2.17.2.jar:/Users/olakunlelawal/.m2/repository/org/springframework/security/spring-security-test/6.3.3/spring-security-test-6.3.3.jar:/Users/olakunlelawal/.m2/repository/org/springframework/security/spring-security-core/6.3.3/spring-security-core-6.3.3.jar:/Users/olakunlelawal/.m2/repository/org/springframework/security/spring-security-crypto/6.3.3/spring-security-crypto-6.3.3.jar:/Users/olakunlelawal/.m2/repository/org/testcontainers/junit-jupiter/1.19.8/junit-jupiter-1.19.8.jar:/Users/olakunlelawal/.m2/repository/org/testcontainers/postgresql/1.19.8/postgresql-1.19.8.jar:/Users/olakunlelawal/.m2/repository/org/testcontainers/jdbc/1.19.8/jdbc-1.19.8.jar:/Users/olakunlelawal/.m2/repository/org/testcontainers/database-commons/1.19.8/database-commons-1.19.8.jar:"/>
    <property name="sun.cpu.endian" value="little"/>
    <property name="user.home" value="/Users/olakunlelawal"/>
    <property name="user.language" value="en"/>
    <property name="java.specification.vendor" value="Oracle Corporation"/>
    <property name="java.version.date" value="2024-07-16"/>
    <property name="java.home" value="/Library/Java/JavaVirtualMachines/jdk-21.jdk/Contents/Home"/>
    <property name="file.separator" value="/"/>
    <property name="basedir" value="/Users/olakunlelawal/IdeaProjects/springboot-lawal_o"/>
    <property name="java.vm.compressedOopsMode" value="Zero based"/>
    <property name="line.separator" value="&#10;"/>
    <property name="java.vm.specification.vendor" value="Oracle Corporation"/>
    <property name="java.specification.name" value="Java Platform API Specification"/>
    <property name="FILE_LOG_CHARSET" value="UTF-8"/>
    <property name="java.awt.headless" value="true"/>
    <property name="apple.awt.application.name" value="ForkedBooter"/>
    <property name="surefire.real.class.path" value="/Users/olakunlelawal/IdeaProjects/springboot-lawal_o/target/surefire/surefirebooter-20241024114819848_3.jar"/>
    <property name="sun.management.compiler" value="HotSpot 64-Bit Tiered Compilers"/>
    <property name="ftp.nonProxyHosts" value="local|*.local|169.254/16|*.169.254/16"/>
    <property name="java.runtime.version" value="21.0.4+8-LTS-274"/>
    <property name="user.name" value="olakunlelawal"/>
    <property name="stdout.encoding" value="US-ASCII"/>
    <property name="path.separator" value=":"/>
    <property name="os.version" value="15.0.1"/>
    <property name="java.runtime.name" value="Java(TM) SE Runtime Environment"/>
    <property name="file.encoding" value="UTF-8"/>
    <property name="java.vm.name" value="Java HotSpot(TM) 64-Bit Server VM"/>
    <property name="localRepository" value="/Users/olakunlelawal/.m2/repository"/>
    <property name="java.vendor.url.bug" value="https://bugreport.java.com/bugreport/"/>
    <property name="java.io.tmpdir" value="/var/folders/gj/qdtfkny5167gq4qwpg5rls_m0000gn/T/"/>
    <property name="idea.version" value="2024.2.1"/>
    <property name="com.zaxxer.hikari.pool_number" value="1"/>
    <property name="java.version" value="21.0.4"/>
    <property name="user.dir" value="/Users/olakunlelawal/IdeaProjects/springboot-lawal_o"/>
    <property name="os.arch" value="aarch64"/>
    <property name="java.vm.specification.name" value="Java Virtual Machine Specification"/>
    <property name="PID" value="7539"/>
    <property name="CONSOLE_LOG_CHARSET" value="UTF-8"/>
    <property name="native.encoding" value="US-ASCII"/>
    <property name="java.library.path" value="/Users/olakunlelawal/Library/Java/Extensions:/Library/Java/Extensions:/Network/Library/Java/Extensions:/System/Library/Java/Extensions:/usr/lib/java:."/>
    <property name="java.vm.info" value="mixed mode, sharing"/>
    <property name="stderr.encoding" value="US-ASCII"/>
    <property name="java.vendor" value="Oracle Corporation"/>
    <property name="java.vm.version" value="21.0.4+8-LTS-274"/>
    <property name="sun.io.unicode.encoding" value="UnicodeBig"/>
    <property name="socksNonProxyHosts" value="local|*.local|169.254/16|*.169.254/16"/>
    <property name="java.class.version" value="65.0"/>
    <property name="LOGGED_APPLICATION_NAME" value="[e-commerce] "/>
  </properties>
  <testcase name="updateOrderStatusByOrderId_ShouldUpdateStatus_WhenOrderExists" classname="com.gridiron.ecommerce.integration.order.OrderServiceIntegrationTest" time="0.045">
    <system-out><![CDATA[11:48:21.547 [main] INFO org.springframework.test.context.support.AnnotationConfigContextLoaderUtils -- Could not detect default configuration classes for test class [com.gridiron.ecommerce.integration.order.OrderServiceIntegrationTest]: OrderServiceIntegrationTest does not declare any static, non-private, non-final, nested classes annotated with @Configuration.
11:48:21.615 [main] INFO org.springframework.boot.test.context.SpringBootTestContextBootstrapper -- Found @SpringBootConfiguration com.gridiron.ecommerce.ECommerceApplication for test class com.gridiron.ecommerce.integration.order.OrderServiceIntegrationTest
11:48:21.695 [main] INFO org.testcontainers.images.PullPolicy -- Image pull policy will be performed by: DefaultPullPolicy()
11:48:21.696 [main] INFO org.testcontainers.utility.ImageNameSubstitutor -- Image name substitution will be performed by: DefaultImageNameSubstitutor (composite of 'ConfigurationFileImageNameSubstitutor' and 'PrefixingImageNameSubstitutor')
11:48:21.818 [main] INFO org.testcontainers.dockerclient.DockerClientProviderStrategy -- Loaded org.testcontainers.dockerclient.UnixSocketClientProviderStrategy from ~/.testcontainers.properties, will try it first
11:48:21.991 [main] INFO org.testcontainers.dockerclient.DockerClientProviderStrategy -- Found Docker environment with local Unix socket (unix:///var/run/docker.sock)
11:48:21.991 [main] INFO org.testcontainers.DockerClientFactory -- Docker host IP address is localhost
11:48:22.007 [main] INFO org.testcontainers.DockerClientFactory -- Connected to docker: 
  Server Version: 27.2.0
  API Version: 1.47
  Operating System: Docker Desktop
  Total Memory: 7839 MB
11:48:22.061 [main] INFO tc.testcontainers/ryuk:0.7.0 -- Creating container for image: testcontainers/ryuk:0.7.0
11:48:22.269 [main] INFO tc.testcontainers/ryuk:0.7.0 -- Container testcontainers/ryuk:0.7.0 is starting: 54f991458048df943acb85d7dd874660c7a9469e301e8b0f073c154445a2b73f
11:48:22.567 [main] INFO tc.testcontainers/ryuk:0.7.0 -- Container testcontainers/ryuk:0.7.0 started in PT0.506676S
11:48:22.573 [main] INFO org.testcontainers.utility.RyukResourceReaper -- Ryuk started - will monitor and terminate Testcontainers containers on JVM exit
11:48:22.573 [main] INFO org.testcontainers.DockerClientFactory -- Checking the system...
11:48:22.574 [main] INFO org.testcontainers.DockerClientFactory -- ✔︎ Docker server version should be at least 1.6.0
11:48:22.574 [main] INFO tc.postgres:latest -- Creating container for image: postgres:latest
11:48:22.629 [main] INFO tc.postgres:latest -- Container postgres:latest is starting: 3d8370667201d565a18823dea9607c23443f7b4fb00b088f19dce374b2237cab
11:48:23.550 [main] INFO tc.postgres:latest -- Container postgres:latest started in PT0.975999S
11:48:23.551 [main] INFO tc.postgres:latest -- Container is started (JDBC URL: jdbc:postgresql://localhost:58771/test_db?loggerLevel=OFF)

  .   ____          _            __ _ _
 /\\ / ___'_ __ _ _(_)_ __  __ _ \ \ \ \
( ( )\___ | '_ | '_| | '_ \/ _` | \ \ \ \
 \\/  ___)| |_)| | | | | || (_| |  ) ) ) )
  '  |____| .__|_| |_|_| |_\__, | / / / /
 =========|_|==============|___/=/_/_/_/

 :: Spring Boot ::                (v3.3.4)

2024-10-24T11:48:23.747+01:00  INFO 7539 --- [e-commerce] [           main] c.g.e.i.o.OrderServiceIntegrationTest    : Starting OrderServiceIntegrationTest using Java 21.0.4 with PID 7539 (started by olakunlelawal in /Users/olakunlelawal/IdeaProjects/springboot-lawal_o)
2024-10-24T11:48:23.747+01:00  INFO 7539 --- [e-commerce] [           main] c.g.e.i.o.OrderServiceIntegrationTest    : The following 1 profile is active: "development"
2024-10-24T11:48:24.091+01:00  INFO 7539 --- [e-commerce] [           main] .s.d.r.c.RepositoryConfigurationDelegate : Bootstrapping Spring Data JPA repositories in DEFAULT mode.
2024-10-24T11:48:24.124+01:00  INFO 7539 --- [e-commerce] [           main] .s.d.r.c.RepositoryConfigurationDelegate : Finished Spring Data repository scanning in 28 ms. Found 6 JPA repository interfaces.
2024-10-24T11:48:24.359+01:00  INFO 7539 --- [e-commerce] [           main] o.hibernate.jpa.internal.util.LogHelper  : HHH000204: Processing PersistenceUnitInfo [name: default]
2024-10-24T11:48:24.395+01:00  INFO 7539 --- [e-commerce] [           main] org.hibernate.Version                    : HHH000412: Hibernate ORM core version 6.5.3.Final
2024-10-24T11:48:24.421+01:00  INFO 7539 --- [e-commerce] [           main] o.h.c.internal.RegionFactoryInitiator    : HHH000026: Second-level cache disabled
2024-10-24T11:48:24.481+01:00  INFO 7539 --- [e-commerce] [           main] o.s.o.j.p.SpringPersistenceUnitInfo      : No LoadTimeWeaver setup: ignoring JPA class transformer
2024-10-24T11:48:24.495+01:00  INFO 7539 --- [e-commerce] [           main] com.zaxxer.hikari.HikariDataSource       : HikariPool-1 - Starting...
2024-10-24T11:48:24.594+01:00  INFO 7539 --- [e-commerce] [           main] com.zaxxer.hikari.pool.HikariPool        : HikariPool-1 - Added connection org.postgresql.jdbc.PgConnection@6bf70600
2024-10-24T11:48:24.595+01:00  INFO 7539 --- [e-commerce] [           main] com.zaxxer.hikari.HikariDataSource       : HikariPool-1 - Start completed.
2024-10-24T11:48:24.616+01:00  WARN 7539 --- [e-commerce] [           main] org.hibernate.orm.deprecation            : HHH90000025: PostgreSQLDialect does not need to be specified explicitly using 'hibernate.dialect' (remove the property setting and it will be selected by default)
2024-10-24T11:48:25.105+01:00  INFO 7539 --- [e-commerce] [           main] o.h.e.t.j.p.i.JtaPlatformInitiator       : HHH000489: No JTA platform available (set 'hibernate.transaction.jta.platform' to enable JTA platform integration)
Hibernate: create table cart (id bigint generated by default as identity, created_at timestamp(6) not null, updated_at timestamp(6) not null, user_id bigint not null, primary key (id))
Hibernate: create table cart_item (id bigint generated by default as identity, created_at timestamp(6) not null, updated_at timestamp(6) not null, quantity integer not null, cart_id bigint not null, product_id bigint not null, primary key (id))
Hibernate: create table order_items (id bigint generated by default as identity, created_at timestamp(6) not null, updated_at timestamp(6) not null, price numeric(38,2) not null, quantity integer not null, order_id bigint not null, product_id bigint not null, primary key (id))
Hibernate: create table orders (id bigint generated by default as identity, created_at timestamp(6) not null, updated_at timestamp(6) not null, canceled_at timestamp(6), delivered_at timestamp(6), shipped_at timestamp(6), status varchar(255) not null check (status in ('PENDING','SHIPPED','DELIVERED','CANCELED')), total_price numeric(38,2) not null, user_id bigint not null, primary key (id))
Hibernate: create table products (id bigint generated by default as identity, created_at timestamp(6) not null, updated_at timestamp(6) not null, availability_quantity integer not null, description varchar(255) not null, name varchar(255) not null, price numeric(38,2) not null, primary key (id))
Hibernate: create table user_roles (user_id bigint not null, role varchar(255) check (role in ('CUSTOMER','ADMIN')))
Hibernate: create table users (id bigint generated by default as identity, created_at timestamp(6) not null, updated_at timestamp(6) not null, email varchar(255) not null, first_name varchar(255) not null, last_name varchar(255) not null, password varchar(255) not null, primary key (id))
Hibernate: alter table if exists cart drop constraint if exists UK9emlp6m95v5er2bcqkjsw48he
2024-10-24T11:48:25.144+01:00  WARN 7539 --- [e-commerce] [           main] o.h.engine.jdbc.spi.SqlExceptionHelper   : SQL Warning Code: 0, SQLState: 00000
2024-10-24T11:48:25.144+01:00  WARN 7539 --- [e-commerce] [           main] o.h.engine.jdbc.spi.SqlExceptionHelper   : constraint "uk9emlp6m95v5er2bcqkjsw48he" of relation "cart" does not exist, skipping
Hibernate: alter table if exists cart add constraint UK9emlp6m95v5er2bcqkjsw48he unique (user_id)
Hibernate: alter table if exists users drop constraint if exists UK6dotkott2kjsp8vw4d0m25fb7
2024-10-24T11:48:25.145+01:00  WARN 7539 --- [e-commerce] [           main] o.h.engine.jdbc.spi.SqlExceptionHelper   : SQL Warning Code: 0, SQLState: 00000
2024-10-24T11:48:25.145+01:00  WARN 7539 --- [e-commerce] [           main] o.h.engine.jdbc.spi.SqlExceptionHelper   : constraint "uk6dotkott2kjsp8vw4d0m25fb7" of relation "users" does not exist, skipping
Hibernate: alter table if exists users add constraint UK6dotkott2kjsp8vw4d0m25fb7 unique (email)
Hibernate: alter table if exists cart_item add constraint FK1uobyhgl1wvgt1jpccia8xxs3 foreign key (cart_id) references cart
Hibernate: alter table if exists cart_item add constraint FKqkqmvkmbtiaqn2nfqf25ymfs2 foreign key (product_id) references products
Hibernate: alter table if exists order_items add constraint FKbioxgbv59vetrxe0ejfubep1w foreign key (order_id) references orders
Hibernate: alter table if exists order_items add constraint FKocimc7dtr037rh4ls4l95nlfi foreign key (product_id) references products
Hibernate: alter table if exists user_roles add constraint FKhfh9dx7w3ubf1co1vdev94g3f foreign key (user_id) references users
2024-10-24T11:48:25.151+01:00  INFO 7539 --- [e-commerce] [           main] j.LocalContainerEntityManagerFactoryBean : Initialized JPA EntityManagerFactory for persistence unit 'default'
2024-10-24T11:48:25.300+01:00  INFO 7539 --- [e-commerce] [           main] o.s.d.j.r.query.QueryEnhancerFactory     : Hibernate is in classpath; If applicable, HQL parser will be used.
Hibernate: select u1_0.id from users u1_0 where u1_0.email=? fetch first ? rows only
Hibernate: insert into users (created_at,email,first_name,last_name,password,updated_at) values (?,?,?,?,?,?) returning id
Hibernate: insert into user_roles (user_id,role) values (?,?)
2024-10-24T11:48:25.824+01:00  WARN 7539 --- [e-commerce] [           main] JpaBaseConfiguration$JpaWebConfiguration : spring.jpa.open-in-view is enabled by default. Therefore, database queries may be performed during view rendering. Explicitly configure spring.jpa.open-in-view to disable this warning
2024-10-24T11:48:26.004+01:00  INFO 7539 --- [e-commerce] [           main] c.g.e.i.o.OrderServiceIntegrationTest    : Started OrderServiceIntegrationTest in 2.429 seconds (process running for 6.103)
Hibernate: insert into products (availability_quantity,created_at,description,name,price,updated_at) values (?,?,?,?,?,?) returning id
Hibernate: insert into cart (created_at,updated_at,user_id) values (?,?,?) returning id
Hibernate: insert into cart_item (cart_id,created_at,product_id,quantity,updated_at) values (?,?,?,?,?) returning id
Hibernate: select c1_0.id,c1_0.created_at,c1_0.updated_at,c1_0.user_id from cart c1_0 where c1_0.user_id=?
Hibernate: insert into orders (created_at,canceled_at,delivered_at,shipped_at,status,total_price,updated_at,user_id) values (?,?,?,?,?,?,?,?) returning id
Hibernate: insert into order_items (created_at,order_id,price,product_id,quantity,updated_at) values (?,?,?,?,?,?) returning id
Hibernate: select o1_0.id,o1_0.created_at,o1_0.canceled_at,o1_0.delivered_at,o1_0.shipped_at,o1_0.status,o1_0.total_price,o1_0.updated_at,o1_0.user_id from orders o1_0
]]></system-out>
  </testcase>
  <testcase name="updateOrderStatusByOrderId_ShouldThrowException_WhenStatusIsSame" classname="com.gridiron.ecommerce.integration.order.OrderServiceIntegrationTest" time="0.019">
    <system-out><![CDATA[Hibernate: insert into products (availability_quantity,created_at,description,name,price,updated_at) values (?,?,?,?,?,?) returning id
Hibernate: insert into cart (created_at,updated_at,user_id) values (?,?,?) returning id
Hibernate: insert into cart_item (cart_id,created_at,product_id,quantity,updated_at) values (?,?,?,?,?) returning id
Hibernate: select c1_0.id,c1_0.created_at,c1_0.updated_at,c1_0.user_id from cart c1_0 where c1_0.user_id=?
Hibernate: insert into orders (created_at,canceled_at,delivered_at,shipped_at,status,total_price,updated_at,user_id) values (?,?,?,?,?,?,?,?) returning id
Hibernate: insert into order_items (created_at,order_id,price,product_id,quantity,updated_at) values (?,?,?,?,?,?) returning id
Hibernate: select o1_0.id,o1_0.created_at,o1_0.canceled_at,o1_0.delivered_at,o1_0.shipped_at,o1_0.status,o1_0.total_price,o1_0.updated_at,o1_0.user_id from orders o1_0
]]></system-out>
  </testcase>
  <testcase name="createOrderForUser_ShouldThrowException_WhenCartIsEmpty" classname="com.gridiron.ecommerce.integration.order.OrderServiceIntegrationTest" time="0.013">
    <system-out><![CDATA[Hibernate: insert into products (availability_quantity,created_at,description,name,price,updated_at) values (?,?,?,?,?,?) returning id
Hibernate: insert into cart (created_at,updated_at,user_id) values (?,?,?) returning id
Hibernate: insert into cart_item (cart_id,created_at,product_id,quantity,updated_at) values (?,?,?,?,?) returning id
Hibernate: select c1_0.id,c1_0.created_at,c1_0.updated_at,c1_0.user_id from cart c1_0 where c1_0.user_id=?
Hibernate: select c1_0.id,c1_0.created_at,c1_0.updated_at,c1_0.user_id from cart c1_0 where c1_0.user_id=?
]]></system-out>
  </testcase>
  <testcase name="updateOrderStatusByOrderId_ShouldThrowException_WhenOrderNotFound" classname="com.gridiron.ecommerce.integration.order.OrderServiceIntegrationTest" time="0.012">
    <system-out><![CDATA[Hibernate: insert into products (availability_quantity,created_at,description,name,price,updated_at) values (?,?,?,?,?,?) returning id
Hibernate: insert into cart (created_at,updated_at,user_id) values (?,?,?) returning id
Hibernate: insert into cart_item (cart_id,created_at,product_id,quantity,updated_at) values (?,?,?,?,?) returning id
Hibernate: select o1_0.id,o1_0.created_at,o1_0.canceled_at,o1_0.delivered_at,o1_0.shipped_at,o1_0.status,o1_0.total_price,o1_0.updated_at,o1_0.user_id from orders o1_0 where o1_0.id=?
]]></system-out>
  </testcase>
  <testcase name="createOrderForUser_ShouldCreateOrder_WhenCartIsNotEmpty" classname="com.gridiron.ecommerce.integration.order.OrderServiceIntegrationTest" time="0.022">
    <system-out><![CDATA[Hibernate: insert into products (availability_quantity,created_at,description,name,price,updated_at) values (?,?,?,?,?,?) returning id
Hibernate: insert into cart (created_at,updated_at,user_id) values (?,?,?) returning id
Hibernate: insert into cart_item (cart_id,created_at,product_id,quantity,updated_at) values (?,?,?,?,?) returning id
Hibernate: select c1_0.id,c1_0.created_at,c1_0.updated_at,c1_0.user_id from cart c1_0 where c1_0.user_id=?
Hibernate: insert into orders (created_at,canceled_at,delivered_at,shipped_at,status,total_price,updated_at,user_id) values (?,?,?,?,?,?,?,?) returning id
Hibernate: insert into order_items (created_at,order_id,price,product_id,quantity,updated_at) values (?,?,?,?,?,?) returning id
Hibernate: select o1_0.id,o1_0.created_at,o1_0.canceled_at,o1_0.delivered_at,o1_0.shipped_at,o1_0.status,o1_0.total_price,o1_0.updated_at,o1_0.user_id from orders o1_0
]]></system-out>
  </testcase>
</testsuite>